{"C:\\Users\\NEERAJ KUMAR\\OneDrive\\Desktop\\React\\src\\components\\Body.js": {"path":"C:\\Users\\NEERAJ KUMAR\\OneDrive\\Desktop\\React\\src\\components\\Body.js","statementMap":{"0":{"start":{"line":9,"column":13},"end":{"line":114,"column":1}},"1":{"start":{"line":11,"column":52},"end":{"line":11,"column":64}},"2":{"start":{"line":13,"column":68},"end":{"line":15,"column":3}},"3":{"start":{"line":17,"column":37},"end":{"line":17,"column":49}},"4":{"start":{"line":19,"column":28},"end":{"line":19,"column":56}},"5":{"start":{"line":23,"column":2},"end":{"line":25,"column":9}},"6":{"start":{"line":24,"column":4},"end":{"line":24,"column":16}},"7":{"start":{"line":27,"column":20},"end":{"line":42,"column":3}},"8":{"start":{"line":28,"column":17},"end":{"line":30,"column":5}},"9":{"start":{"line":33,"column":17},"end":{"line":33,"column":34}},"10":{"start":{"line":35,"column":4},"end":{"line":37,"column":6}},"11":{"start":{"line":38,"column":4},"end":{"line":40,"column":6}},"12":{"start":{"line":43,"column":17},"end":{"line":43,"column":34}},"13":{"start":{"line":45,"column":2},"end":{"line":46,"column":73}},"14":{"start":{"line":46,"column":4},"end":{"line":46,"column":73}},"15":{"start":{"line":48,"column":2},"end":{"line":50,"column":3}},"16":{"start":{"line":49,"column":4},"end":{"line":49,"column":23}},"17":{"start":{"line":52,"column":2},"end":{"line":113,"column":4}},"18":{"start":{"line":62,"column":14},"end":{"line":62,"column":43}},"19":{"start":{"line":69,"column":35},"end":{"line":71,"column":15}},"20":{"start":{"line":70,"column":16},"end":{"line":70,"column":78}},"21":{"start":{"line":72,"column":14},"end":{"line":72,"column":57}},"22":{"start":{"line":81,"column":35},"end":{"line":83,"column":15}},"23":{"start":{"line":82,"column":25},"end":{"line":82,"column":47}},"24":{"start":{"line":84,"column":14},"end":{"line":84,"column":57}},"25":{"start":{"line":99,"column":10},"end":{"line":109,"column":17}}},"fnMap":{"0":{"name":"(anonymous_0)","decl":{"start":{"line":9,"column":13},"end":{"line":9,"column":14}},"loc":{"start":{"line":9,"column":19},"end":{"line":114,"column":1}},"line":9},"1":{"name":"(anonymous_1)","decl":{"start":{"line":23,"column":12},"end":{"line":23,"column":13}},"loc":{"start":{"line":23,"column":18},"end":{"line":25,"column":3}},"line":23},"2":{"name":"(anonymous_2)","decl":{"start":{"line":27,"column":20},"end":{"line":27,"column":21}},"loc":{"start":{"line":27,"column":32},"end":{"line":42,"column":3}},"line":27},"3":{"name":"(anonymous_3)","decl":{"start":{"line":61,"column":22},"end":{"line":61,"column":23}},"loc":{"start":{"line":61,"column":29},"end":{"line":63,"column":13}},"line":61},"4":{"name":"(anonymous_4)","decl":{"start":{"line":68,"column":21},"end":{"line":68,"column":22}},"loc":{"start":{"line":68,"column":27},"end":{"line":74,"column":13}},"line":68},"5":{"name":"(anonymous_5)","decl":{"start":{"line":69,"column":60},"end":{"line":69,"column":61}},"loc":{"start":{"line":70,"column":16},"end":{"line":70,"column":78}},"line":70},"6":{"name":"(anonymous_6)","decl":{"start":{"line":80,"column":21},"end":{"line":80,"column":22}},"loc":{"start":{"line":80,"column":27},"end":{"line":86,"column":13}},"line":80},"7":{"name":"(anonymous_7)","decl":{"start":{"line":82,"column":16},"end":{"line":82,"column":17}},"loc":{"start":{"line":82,"column":25},"end":{"line":82,"column":47}},"line":82},"8":{"name":"(anonymous_8)","decl":{"start":{"line":93,"column":39},"end":{"line":93,"column":40}},"loc":{"start":{"line":99,"column":10},"end":{"line":109,"column":17}},"line":99}},"branchMap":{"0":{"loc":{"start":{"line":45,"column":2},"end":{"line":46,"column":73}},"type":"if","locations":[{"start":{"line":45,"column":2},"end":{"line":46,"column":73}},{"start":{},"end":{}}],"line":45},"1":{"loc":{"start":{"line":48,"column":2},"end":{"line":50,"column":3}},"type":"if","locations":[{"start":{"line":48,"column":2},"end":{"line":50,"column":3}},{"start":{},"end":{}}],"line":48},"2":{"loc":{"start":{"line":103,"column":13},"end":{"line":107,"column":13}},"type":"cond-expr","locations":[{"start":{"line":104,"column":14},"end":{"line":104,"column":61}},{"start":{"line":106,"column":14},"end":{"line":106,"column":57}}],"line":103}},"s":{"0":1,"1":7,"2":7,"3":7,"4":7,"5":7,"6":2,"7":7,"8":2,"9":2,"10":2,"11":2,"12":7,"13":7,"14":0,"15":7,"16":2,"17":5,"18":1,"19":1,"20":8,"21":1,"22":1,"23":8,"24":1,"25":29},"f":{"0":7,"1":2,"2":2,"3":1,"4":1,"5":8,"6":1,"7":8,"8":29},"b":{"0":[0,7],"1":[2,5],"2":[29,0]},"_coverageSchema":"1a1c01bbd47fc00a2c39e90264f33305004495a9","hash":"5bb5bd2115dd0b003010ff732bc6bd151a7b199b"}
,"C:\\Users\\NEERAJ KUMAR\\OneDrive\\Desktop\\React\\src\\components\\Cart.js": {"path":"C:\\Users\\NEERAJ KUMAR\\OneDrive\\Desktop\\React\\src\\components\\Cart.js","statementMap":{"0":{"start":{"line":6,"column":13},"end":{"line":36,"column":1}},"1":{"start":{"line":7,"column":20},"end":{"line":7,"column":60}},"2":{"start":{"line":7,"column":43},"end":{"line":7,"column":59}},"3":{"start":{"line":8,"column":19},"end":{"line":8,"column":32}},"4":{"start":{"line":9,"column":26},"end":{"line":11,"column":3}},"5":{"start":{"line":10,"column":4},"end":{"line":10,"column":26}},"6":{"start":{"line":13,"column":2},"end":{"line":35,"column":4}}},"fnMap":{"0":{"name":"(anonymous_0)","decl":{"start":{"line":6,"column":13},"end":{"line":6,"column":14}},"loc":{"start":{"line":6,"column":19},"end":{"line":36,"column":1}},"line":6},"1":{"name":"(anonymous_1)","decl":{"start":{"line":7,"column":32},"end":{"line":7,"column":33}},"loc":{"start":{"line":7,"column":43},"end":{"line":7,"column":59}},"line":7},"2":{"name":"(anonymous_2)","decl":{"start":{"line":9,"column":26},"end":{"line":9,"column":27}},"loc":{"start":{"line":9,"column":32},"end":{"line":11,"column":3}},"line":9}},"branchMap":{"0":{"loc":{"start":{"line":16,"column":7},"end":{"line":21,"column":16}},"type":"binary-expr","locations":[{"start":{"line":16,"column":7},"end":{"line":16,"column":27}},{"start":{"line":16,"column":37},"end":{"line":21,"column":15}}],"line":16},"1":{"loc":{"start":{"line":23,"column":7},"end":{"line":30,"column":7}},"type":"binary-expr","locations":[{"start":{"line":23,"column":7},"end":{"line":23,"column":29}},{"start":{"line":24,"column":8},"end":{"line":29,"column":14}}],"line":23}},"s":{"0":1,"1":2,"2":4,"3":2,"4":2,"5":1,"6":2},"f":{"0":2,"1":4,"2":1},"b":{"0":[2,1],"1":[2,1]},"_coverageSchema":"1a1c01bbd47fc00a2c39e90264f33305004495a9","hash":"2a43ed501f4564eb7c8e9e19d02a8a5d7ac15f29"}
,"C:\\Users\\NEERAJ KUMAR\\OneDrive\\Desktop\\React\\src\\components\\Header.js": {"path":"C:\\Users\\NEERAJ KUMAR\\OneDrive\\Desktop\\React\\src\\components\\Header.js","statementMap":{"0":{"start":{"line":10,"column":15},"end":{"line":61,"column":1}},"1":{"start":{"line":11,"column":42},"end":{"line":11,"column":59}},"2":{"start":{"line":12,"column":23},"end":{"line":12,"column":40}},"3":{"start":{"line":14,"column":25},"end":{"line":14,"column":48}},"4":{"start":{"line":17,"column":20},"end":{"line":17,"column":60}},"5":{"start":{"line":17,"column":43},"end":{"line":17,"column":59}},"6":{"start":{"line":20,"column":2},"end":{"line":60,"column":4}},"7":{"start":{"line":48,"column":14},"end":{"line":50,"column":43}}},"fnMap":{"0":{"name":"(anonymous_0)","decl":{"start":{"line":10,"column":15},"end":{"line":10,"column":16}},"loc":{"start":{"line":10,"column":21},"end":{"line":61,"column":1}},"line":10},"1":{"name":"(anonymous_1)","decl":{"start":{"line":17,"column":32},"end":{"line":17,"column":33}},"loc":{"start":{"line":17,"column":43},"end":{"line":17,"column":59}},"line":17},"2":{"name":"(anonymous_2)","decl":{"start":{"line":47,"column":21},"end":{"line":47,"column":22}},"loc":{"start":{"line":47,"column":27},"end":{"line":53,"column":13}},"line":47}},"branchMap":{"0":{"loc":{"start":{"line":27,"column":72},"end":{"line":27,"column":97}},"type":"cond-expr","locations":[{"start":{"line":27,"column":87},"end":{"line":27,"column":90}},{"start":{"line":27,"column":93},"end":{"line":27,"column":97}}],"line":27},"1":{"loc":{"start":{"line":48,"column":14},"end":{"line":50,"column":42}},"type":"cond-expr","locations":[{"start":{"line":49,"column":18},"end":{"line":49,"column":43}},{"start":{"line":50,"column":18},"end":{"line":50,"column":42}}],"line":48}},"s":{"0":1,"1":4,"2":4,"3":4,"4":4,"5":8,"6":4,"7":0},"f":{"0":4,"1":8,"2":0},"b":{"0":[4,0],"1":[0,0]},"_coverageSchema":"1a1c01bbd47fc00a2c39e90264f33305004495a9","hash":"ca3cb153fe0c64b8b77ad58b4a52ec28e052ade7"}
,"C:\\Users\\NEERAJ KUMAR\\OneDrive\\Desktop\\React\\src\\components\\ItemList.js": {"path":"C:\\Users\\NEERAJ KUMAR\\OneDrive\\Desktop\\React\\src\\components\\ItemList.js","statementMap":{"0":{"start":{"line":5,"column":17},"end":{"line":52,"column":1}},"1":{"start":{"line":6,"column":19},"end":{"line":6,"column":32}},"2":{"start":{"line":8,"column":26},"end":{"line":10,"column":3}},"3":{"start":{"line":9,"column":4},"end":{"line":9,"column":28}},"4":{"start":{"line":12,"column":2},"end":{"line":51,"column":4}},"5":{"start":{"line":15,"column":8},"end":{"line":48,"column":14}},"6":{"start":{"line":43,"column":27},"end":{"line":43,"column":48}}},"fnMap":{"0":{"name":"(anonymous_0)","decl":{"start":{"line":5,"column":17},"end":{"line":5,"column":18}},"loc":{"start":{"line":5,"column":32},"end":{"line":52,"column":1}},"line":5},"1":{"name":"(anonymous_1)","decl":{"start":{"line":8,"column":26},"end":{"line":8,"column":27}},"loc":{"start":{"line":8,"column":36},"end":{"line":10,"column":3}},"line":8},"2":{"name":"(anonymous_2)","decl":{"start":{"line":14,"column":17},"end":{"line":14,"column":18}},"loc":{"start":{"line":15,"column":8},"end":{"line":48,"column":14}},"line":15},"3":{"name":"(anonymous_3)","decl":{"start":{"line":43,"column":23},"end":{"line":43,"column":24}},"loc":{"start":{"line":43,"column":27},"end":{"line":43,"column":48}},"line":43}},"branchMap":{"0":{"loc":{"start":{"line":25,"column":17},"end":{"line":27,"column":56}},"type":"cond-expr","locations":[{"start":{"line":26,"column":20},"end":{"line":26,"column":49}},{"start":{"line":27,"column":20},"end":{"line":27,"column":56}}],"line":25}},"s":{"0":1,"1":5,"2":5,"3":2,"4":5,"5":24,"6":2},"f":{"0":5,"1":2,"2":24,"3":2},"b":{"0":[11,13]},"_coverageSchema":"1a1c01bbd47fc00a2c39e90264f33305004495a9","hash":"4ee421a4610beba3eb5a8bd3c4bfb1fd4efb8126"}
,"C:\\Users\\NEERAJ KUMAR\\OneDrive\\Desktop\\React\\src\\components\\RestaurantMenu.js": {"path":"C:\\Users\\NEERAJ KUMAR\\OneDrive\\Desktop\\React\\src\\components\\RestaurantMenu.js","statementMap":{"0":{"start":{"line":7,"column":23},"end":{"line":64,"column":1}},"1":{"start":{"line":8,"column":20},"end":{"line":8,"column":31}},"2":{"start":{"line":10,"column":18},"end":{"line":10,"column":42}},"3":{"start":{"line":12,"column":35},"end":{"line":12,"column":49}},"4":{"start":{"line":14,"column":27},"end":{"line":16,"column":3}},"5":{"start":{"line":15,"column":4},"end":{"line":15,"column":47}},"6":{"start":{"line":18,"column":2},"end":{"line":18,"column":51}},"7":{"start":{"line":18,"column":24},"end":{"line":18,"column":51}},"8":{"start":{"line":21,"column":4},"end":{"line":21,"column":39}},"9":{"start":{"line":27,"column":4},"end":{"line":29,"column":79}},"10":{"start":{"line":35,"column":4},"end":{"line":39,"column":5}},"11":{"start":{"line":37,"column":8},"end":{"line":38,"column":70}},"12":{"start":{"line":43,"column":12},"end":{"line":43,"column":13}},"13":{"start":{"line":45,"column":2},"end":{"line":63,"column":4}},"14":{"start":{"line":53,"column":10},"end":{"line":58,"column":12}},"15":{"start":{"line":57,"column":32},"end":{"line":57,"column":57}}},"fnMap":{"0":{"name":"(anonymous_0)","decl":{"start":{"line":7,"column":23},"end":{"line":7,"column":24}},"loc":{"start":{"line":7,"column":29},"end":{"line":64,"column":1}},"line":7},"1":{"name":"(anonymous_1)","decl":{"start":{"line":14,"column":27},"end":{"line":14,"column":28}},"loc":{"start":{"line":14,"column":36},"end":{"line":16,"column":3}},"line":14},"2":{"name":"(anonymous_2)","decl":{"start":{"line":36,"column":6},"end":{"line":36,"column":7}},"loc":{"start":{"line":37,"column":8},"end":{"line":38,"column":70}},"line":37},"3":{"name":"(anonymous_3)","decl":{"start":{"line":52,"column":24},"end":{"line":52,"column":25}},"loc":{"start":{"line":53,"column":10},"end":{"line":58,"column":12}},"line":53},"4":{"name":"(anonymous_4)","decl":{"start":{"line":57,"column":28},"end":{"line":57,"column":29}},"loc":{"start":{"line":57,"column":32},"end":{"line":57,"column":57}},"line":57}},"branchMap":{"0":{"loc":{"start":{"line":15,"column":17},"end":{"line":15,"column":45}},"type":"cond-expr","locations":[{"start":{"line":15,"column":35},"end":{"line":15,"column":39}},{"start":{"line":15,"column":40},"end":{"line":15,"column":45}}],"line":15},"1":{"loc":{"start":{"line":18,"column":2},"end":{"line":18,"column":51}},"type":"if","locations":[{"start":{"line":18,"column":2},"end":{"line":18,"column":51}},{"start":{},"end":{}}],"line":18},"2":{"loc":{"start":{"line":27,"column":4},"end":{"line":29,"column":79}},"type":"binary-expr","locations":[{"start":{"line":27,"column":4},"end":{"line":28,"column":12}},{"start":{"line":29,"column":4},"end":{"line":29,"column":79}}],"line":27},"3":{"loc":{"start":{"line":56,"column":20},"end":{"line":56,"column":46}},"type":"binary-expr","locations":[{"start":{"line":56,"column":20},"end":{"line":56,"column":38}},{"start":{"line":56,"column":42},"end":{"line":56,"column":46}}],"line":56}},"s":{"0":1,"1":14,"2":13,"3":13,"4":13,"5":3,"6":13,"7":5,"8":8,"9":8,"10":8,"11":112,"12":8,"13":8,"14":56,"15":3},"f":{"0":14,"1":3,"2":112,"3":56,"4":3},"b":{"0":[0,3],"1":[5,8],"2":[8,8],"3":[56,3]},"_coverageSchema":"1a1c01bbd47fc00a2c39e90264f33305004495a9","hash":"029594a072d00db72dc31bb60378eb486bc7ccaf"}
,"C:\\Users\\NEERAJ KUMAR\\OneDrive\\Desktop\\React\\src\\components\\ResturantCard.js": {"path":"C:\\Users\\NEERAJ KUMAR\\OneDrive\\Desktop\\React\\src\\components\\ResturantCard.js","statementMap":{"0":{"start":{"line":7,"column":22},"end":{"line":56,"column":1}},"1":{"start":{"line":9,"column":22},"end":{"line":9,"column":27}},"2":{"start":{"line":19,"column":6},"end":{"line":19,"column":13}},"3":{"start":{"line":21,"column":27},"end":{"line":21,"column":50}},"4":{"start":{"line":23,"column":2},"end":{"line":55,"column":4}},"5":{"start":{"line":59,"column":29},"end":{"line":70,"column":1}},"6":{"start":{"line":60,"column":2},"end":{"line":69,"column":4}},"7":{"start":{"line":61,"column":4},"end":{"line":68,"column":6}}},"fnMap":{"0":{"name":"(anonymous_0)","decl":{"start":{"line":7,"column":22},"end":{"line":7,"column":23}},"loc":{"start":{"line":7,"column":33},"end":{"line":56,"column":1}},"line":7},"1":{"name":"(anonymous_1)","decl":{"start":{"line":59,"column":29},"end":{"line":59,"column":30}},"loc":{"start":{"line":59,"column":48},"end":{"line":70,"column":1}},"line":59},"2":{"name":"(anonymous_2)","decl":{"start":{"line":60,"column":9},"end":{"line":60,"column":10}},"loc":{"start":{"line":60,"column":20},"end":{"line":69,"column":3}},"line":60}},"branchMap":{"0":{"loc":{"start":{"line":35,"column":11},"end":{"line":38,"column":51}},"type":"cond-expr","locations":[{"start":{"line":37,"column":14},"end":{"line":37,"column":90}},{"start":{"line":38,"column":14},"end":{"line":38,"column":51}}],"line":35},"1":{"loc":{"start":{"line":35,"column":11},"end":{"line":36,"column":45}},"type":"binary-expr","locations":[{"start":{"line":35,"column":11},"end":{"line":35,"column":43}},{"start":{"line":36,"column":10},"end":{"line":36,"column":45}}],"line":35}},"s":{"0":2,"1":30,"2":30,"3":30,"4":30,"5":2,"6":7,"7":29},"f":{"0":30,"1":7,"2":29},"b":{"0":[27,3],"1":[30,30]},"_coverageSchema":"1a1c01bbd47fc00a2c39e90264f33305004495a9","hash":"8569ea85c611bc5439382904ec276d792f72b93c"}
,"C:\\Users\\NEERAJ KUMAR\\OneDrive\\Desktop\\React\\src\\utils\\appStore.js": {"path":"C:\\Users\\NEERAJ KUMAR\\OneDrive\\Desktop\\React\\src\\utils\\appStore.js","statementMap":{"0":{"start":{"line":5,"column":17},"end":{"line":9,"column":2}}},"fnMap":{},"branchMap":{},"s":{"0":1},"f":{},"b":{},"_coverageSchema":"1a1c01bbd47fc00a2c39e90264f33305004495a9","hash":"e229b4597f843eab404d990c33c2a0fec3c5e3ae"}
}
