{"C:\\Users\\NEERAJ KUMAR\\OneDrive\\Desktop\\React\\src\\components\\Contact.js": {"path":"C:\\Users\\NEERAJ KUMAR\\OneDrive\\Desktop\\React\\src\\components\\Contact.js","statementMap":{"0":{"start":{"line":3,"column":16},"end":{"line":56,"column":1}},"1":{"start":{"line":4,"column":36},"end":{"line":7,"column":8}},"2":{"start":{"line":9,"column":27},"end":{"line":15,"column":7}},"3":{"start":{"line":10,"column":32},"end":{"line":10,"column":40}},"4":{"start":{"line":11,"column":8},"end":{"line":14,"column":11}},"5":{"start":{"line":17,"column":27},"end":{"line":20,"column":7}},"6":{"start":{"line":18,"column":8},"end":{"line":18,"column":27}},"7":{"start":{"line":19,"column":8},"end":{"line":19,"column":66}},"8":{"start":{"line":22,"column":6},"end":{"line":55,"column":8}}},"fnMap":{"0":{"name":"(anonymous_0)","decl":{"start":{"line":3,"column":16},"end":{"line":3,"column":17}},"loc":{"start":{"line":3,"column":21},"end":{"line":56,"column":1}},"line":3},"1":{"name":"(anonymous_1)","decl":{"start":{"line":9,"column":27},"end":{"line":9,"column":28}},"loc":{"start":{"line":9,"column":34},"end":{"line":15,"column":7}},"line":9},"2":{"name":"(anonymous_2)","decl":{"start":{"line":17,"column":27},"end":{"line":17,"column":28}},"loc":{"start":{"line":17,"column":34},"end":{"line":20,"column":7}},"line":17}},"branchMap":{},"s":{"0":1,"1":4,"2":4,"3":0,"4":0,"5":4,"6":0,"7":0,"8":4},"f":{"0":4,"1":0,"2":0},"b":{},"_coverageSchema":"1a1c01bbd47fc00a2c39e90264f33305004495a9","hash":"c0a80ba8e0599cc738d8ef006b0f9f3f93358b63"}
,"C:\\Users\\NEERAJ KUMAR\\OneDrive\\Desktop\\React\\src\\components\\sum.js": {"path":"C:\\Users\\NEERAJ KUMAR\\OneDrive\\Desktop\\React\\src\\components\\sum.js","statementMap":{"0":{"start":{"line":1,"column":19},"end":{"line":3,"column":1}},"1":{"start":{"line":2,"column":4},"end":{"line":2,"column":17}}},"fnMap":{"0":{"name":"(anonymous_0)","decl":{"start":{"line":1,"column":19},"end":{"line":1,"column":20}},"loc":{"start":{"line":1,"column":27},"end":{"line":3,"column":1}},"line":1}},"branchMap":{},"s":{"0":1,"1":1},"f":{"0":1},"b":{},"_coverageSchema":"1a1c01bbd47fc00a2c39e90264f33305004495a9","hash":"0d27b7b894e261c415c3450ecb8b07384eded3d1"}
}
