TN:
SF:src\components\Body.js
FN:9,(anonymous_0)
FN:23,(anonymous_1)
FN:27,(anonymous_2)
FN:61,(anonymous_3)
FN:68,(anonymous_4)
FN:69,(anonymous_5)
FN:80,(anonymous_6)
FN:82,(anonymous_7)
FN:93,(anonymous_8)
FNF:9
FNH:9
FNDA:7,(anonymous_0)
FNDA:2,(anonymous_1)
FNDA:2,(anonymous_2)
FNDA:1,(anonymous_3)
FNDA:1,(anonymous_4)
FNDA:8,(anonymous_5)
FNDA:1,(anonymous_6)
FNDA:8,(anonymous_7)
FNDA:29,(anonymous_8)
DA:9,1
DA:11,7
DA:13,7
DA:17,7
DA:19,7
DA:23,7
DA:24,2
DA:27,7
DA:28,2
DA:33,2
DA:35,2
DA:38,2
DA:43,7
DA:45,7
DA:46,0
DA:48,7
DA:49,2
DA:52,5
DA:62,1
DA:69,1
DA:70,8
DA:72,1
DA:81,1
DA:82,8
DA:84,1
DA:99,29
LF:26
LH:25
BRDA:45,0,0,0
BRDA:45,0,1,7
BRDA:48,1,0,2
BRDA:48,1,1,5
BRDA:103,2,0,29
BRDA:103,2,1,0
BRF:6
BRH:4
end_of_record
TN:
SF:src\components\Cart.js
FN:6,(anonymous_0)
FN:7,(anonymous_1)
FN:9,(anonymous_2)
FNF:3
FNH:3
FNDA:2,(anonymous_0)
FNDA:4,(anonymous_1)
FNDA:1,(anonymous_2)
DA:6,1
DA:7,4
DA:8,2
DA:9,2
DA:10,1
DA:13,2
LF:6
LH:6
BRDA:16,0,0,2
BRDA:16,0,1,1
BRDA:23,1,0,2
BRDA:23,1,1,1
BRF:4
BRH:4
end_of_record
TN:
SF:src\components\Header.js
FN:10,(anonymous_0)
FN:17,(anonymous_1)
FN:47,(anonymous_2)
FNF:3
FNH:2
FNDA:4,(anonymous_0)
FNDA:8,(anonymous_1)
FNDA:0,(anonymous_2)
DA:10,1
DA:11,4
DA:12,4
DA:14,4
DA:17,8
DA:20,4
DA:48,0
LF:7
LH:6
BRDA:27,0,0,4
BRDA:27,0,1,0
BRDA:48,1,0,0
BRDA:48,1,1,0
BRF:4
BRH:1
end_of_record
TN:
SF:src\components\ItemList.js
FN:5,(anonymous_0)
FN:8,(anonymous_1)
FN:14,(anonymous_2)
FN:43,(anonymous_3)
FNF:4
FNH:4
FNDA:5,(anonymous_0)
FNDA:2,(anonymous_1)
FNDA:24,(anonymous_2)
FNDA:2,(anonymous_3)
DA:5,1
DA:6,5
DA:8,5
DA:9,2
DA:12,5
DA:15,24
DA:43,2
LF:7
LH:7
BRDA:25,0,0,11
BRDA:25,0,1,13
BRF:2
BRH:2
end_of_record
TN:
SF:src\components\RestaurantMenu.js
FN:7,(anonymous_0)
FN:14,(anonymous_1)
FN:36,(anonymous_2)
FN:52,(anonymous_3)
FN:57,(anonymous_4)
FNF:5
FNH:5
FNDA:14,(anonymous_0)
FNDA:3,(anonymous_1)
FNDA:112,(anonymous_2)
FNDA:56,(anonymous_3)
FNDA:3,(anonymous_4)
DA:7,1
DA:8,14
DA:10,13
DA:12,13
DA:14,13
DA:15,3
DA:18,13
DA:21,8
DA:27,8
DA:35,8
DA:37,112
DA:43,8
DA:45,8
DA:53,56
DA:57,3
LF:15
LH:15
BRDA:15,0,0,0
BRDA:15,0,1,3
BRDA:18,1,0,5
BRDA:18,1,1,8
BRDA:27,2,0,8
BRDA:27,2,1,8
BRDA:56,3,0,56
BRDA:56,3,1,3
BRF:8
BRH:7
end_of_record
TN:
SF:src\components\ResturantCard.js
FN:7,(anonymous_0)
FN:59,(anonymous_1)
FN:60,(anonymous_2)
FNF:3
FNH:3
FNDA:30,(anonymous_0)
FNDA:7,(anonymous_1)
FNDA:29,(anonymous_2)
DA:7,2
DA:9,30
DA:19,30
DA:21,30
DA:23,30
DA:59,2
DA:60,7
DA:61,29
LF:8
LH:8
BRDA:35,0,0,27
BRDA:35,0,1,3
BRDA:35,1,0,30
BRDA:35,1,1,30
BRF:4
BRH:4
end_of_record
TN:
SF:src\utils\appStore.js
FNF:0
FNH:0
DA:5,1
LF:1
LH:1
BRF:0
BRH:0
end_of_record
